# JRE version: OpenJDK Runtime Environment Temurin-21.0.10+7 (21.0.10+7) (build 21.0.10+7-LTS)
# Java VM: OpenJDK 64-Bit Server VM Temurin-21.0.10+7 (21.0.10+7-LTS, mixed mode, sharing, tiered, compressed oops, compressed class ptrs, parallel gc, windows-amd64)
GC Precious Log:
 CardTable entry size: 512
 CPUs: 8 total, 8 available
 Memory: 16215M
 Large Page Support: Disabled
 NUMA Support: Disabled
 Compressed Oops: Enabled (32-bit)
 Alignments: Space 512K, Generation 512K, Heap 2M
 Heap Min Capacity: 100M
 Heap Initial Capacity: 100M
 Heap Max Capacity: 2G
 Pre-touch: Disabled
 Parallel Workers: 8
Heap:
 PSYoungGen      total 3072K, used 1509K [0x00000000d5580000, 0x00000000d5a80000, 0x0000000100000000)
  eden space 2560K, 52% used [0x00000000d5580000,0x00000000d56d1738,0x00000000d5800000)
  from space 512K, 31% used [0x00000000d5a00000,0x00000000d5a28000,0x00000000d5a80000)
  to   space 1024K, 0% used [0x00000000d5880000,0x00000000d5880000,0x00000000d5980000)
 ParOldGen       total 347136K, used 346799K [0x0000000080000000, 0x0000000095300000, 0x00000000d5580000)
  object space 347136K, 99% used [0x0000000080000000,0x00000000952abd00,0x0000000095300000)
 Metaspace       used 70864K, committed 72320K, reserved 1114112K
  class space    used 7372K, committed 8000K, reserved 1048576K
GC Heap History (20 events):
Event: 642.445 GC heap before
{Heap before GC invocations=584 (full 3):
 PSYoungGen      total 4608K, used 4160K [0x00000000d5580000, 0x00000000d5c80000, 0x0000000100000000)
  eden space 2048K, 100% used [0x00000000d5580000,0x00000000d5780000,0x00000000d5780000)
  from space 2560K, 82% used [0x00000000d5a00000,0x00000000d5c10000,0x00000000d5c80000)
  to   space 2560K, 0% used [0x00000000d5780000,0x00000000d5780000,0x00000000d5a00000)
 ParOldGen       total 329728K, used 329469K [0x0000000080000000, 0x0000000094200000, 0x00000000d5580000)
  object space 329728K, 99% used [0x0000000080000000,0x00000000941bf4c0,0x0000000094200000)
 Metaspace       used 70795K, committed 72256K, reserved 1114112K
  class space    used 7372K, committed 8000K, reserved 1048576K
}
Event: 642.447 GC heap after
{Heap after GC invocations=584 (full 3):
 PSYoungGen      total 4608K, used 2112K [0x00000000d5580000, 0x00000000d5c80000, 0x0000000100000000)
  eden space 2048K, 0% used [0x00000000d5580000,0x00000000d5580000,0x00000000d5780000)
  from space 2560K, 82% used [0x00000000d5780000,0x00000000d5990000,0x00000000d5a00000)
  to   space 2560K, 0% used [0x00000000d5a00000,0x00000000d5a00000,0x00000000d5c80000)
 ParOldGen       total 331776K, used 331533K [0x0000000080000000, 0x0000000094400000, 0x00000000d5580000)
  object space 331776K, 99% used [0x0000000080000000,0x00000000943c34c0,0x0000000094400000)
 Metaspace       used 70795K, committed 72256K, reserved 1114112K
  class space    used 7372K, committed 8000K, reserved 1048576K
}
Event: 642.452 GC heap before
{Heap before GC invocations=585 (full 3):
 PSYoungGen      total 4608K, used 4160K [0x00000000d5580000, 0x00000000d5c80000, 0x0000000100000000)
  eden space 2048K, 100% used [0x00000000d5580000,0x00000000d5780000,0x00000000d5780000)
  from space 2560K, 82% used [0x00000000d5780000,0x00000000d5990000,0x00000000d5a00000)
  to   space 2560K, 0% used [0x00000000d5a00000,0x00000000d5a00000,0x00000000d5c80000)
 ParOldGen       total 331776K, used 331533K [0x0000000080000000, 0x0000000094400000, 0x00000000d5580000)
  object space 331776K, 99% used [0x0000000080000000,0x00000000943c34c0,0x0000000094400000)
 Metaspace       used 70795K, committed 72256K, reserved 1114112K
  class space    used 7372K, committed 8000K, reserved 1048576K
}
Event: 642.455 GC heap after
{Heap after GC invocations=585 (full 3):
 PSYoungGen      total 4608K, used 2112K [0x00000000d5580000, 0x00000000d5d00000, 0x0000000100000000)
  eden space 2048K, 0% used [0x00000000d5580000,0x00000000d5580000,0x00000000d5780000)
  from space 2560K, 82% used [0x00000000d5a00000,0x00000000d5c10000,0x00000000d5c80000)
  to   space 2560K, 0% used [0x00000000d5780000,0x00000000d5780000,0x00000000d5a00000)
 ParOldGen       total 333824K, used 333589K [0x0000000080000000, 0x0000000094600000, 0x00000000d5580000)
  object space 333824K, 99% used [0x0000000080000000,0x00000000945c54c0,0x0000000094600000)
 Metaspace       used 70795K, committed 72256K, reserved 1114112K
  class space    used 7372K, committed 8000K, reserved 1048576K
}
Event: 642.461 GC heap before
{Heap before GC invocations=586 (full 3):
 PSYoungGen      total 4608K, used 3942K [0x00000000d5580000, 0x00000000d5d00000, 0x0000000100000000)
  eden space 2048K, 89% used [0x00000000d5580000,0x00000000d57498f8,0x00000000d5780000)
  from space 2560K, 82% used [0x00000000d5a00000,0x00000000d5c10000,0x00000000d5c80000)
  to   space 2560K, 0% used [0x00000000d5780000,0x00000000d5780000,0x00000000d5a00000)
 ParOldGen       total 333824K, used 333589K [0x0000000080000000, 0x0000000094600000, 0x00000000d5580000)
  object space 333824K, 99% used [0x0000000080000000,0x00000000945c54c0,0x0000000094600000)
 Metaspace       used 70795K, committed 72256K, reserved 1114112K
  class space    used 7372K, committed 8000K, reserved 1048576K
}
Event: 642.464 GC heap after
{Heap after GC invocations=586 (full 3):
 PSYoungGen      total 4608K, used 1664K [0x00000000d5580000, 0x00000000d5c00000, 0x0000000100000000)
  eden space 2048K, 0% used [0x00000000d5580000,0x00000000d5580000,0x00000000d5780000)
  from space 2560K, 65% used [0x00000000d5780000,0x00000000d5920000,0x00000000d5a00000)
  to   space 2048K, 0% used [0x00000000d5a00000,0x00000000d5a00000,0x00000000d5c00000)
 ParOldGen       total 335872K, used 335661K [0x0000000080000000, 0x0000000094800000, 0x00000000d5580000)
  object space 335872K, 99% used [0x0000000080000000,0x00000000947cb4c0,0x0000000094800000)
 Metaspace       used 70795K, committed 72256K, reserved 1114112K
  class space    used 7372K, committed 8000K, reserved 1048576K
}
Event: 642.476 GC heap before
{Heap before GC invocations=587 (full 3):
 PSYoungGen      total 4608K, used 3712K [0x00000000d5580000, 0x00000000d5c00000, 0x0000000100000000)
  eden space 2048K, 100% used [0x00000000d5580000,0x00000000d5780000,0x00000000d5780000)
  from space 2560K, 65% used [0x00000000d5780000,0x00000000d5920000,0x00000000d5a00000)
  to   space 2048K, 0% used [0x00000000d5a00000,0x00000000d5a00000,0x00000000d5c00000)
 ParOldGen       total 335872K, used 335661K [0x0000000080000000, 0x0000000094800000, 0x00000000d5580000)
  object space 335872K, 99% used [0x0000000080000000,0x00000000947cb4c0,0x0000000094800000)
 Metaspace       used 70795K, committed 72256K, reserved 1114112K
  class space    used 7372K, committed 8000K, reserved 1048576K
}
Event: 642.479 GC heap after
{Heap after GC invocations=587 (full 3):
 PSYoungGen      total 4608K, used 1920K [0x00000000d5580000, 0x00000000d5c00000, 0x0000000100000000)
  eden space 2560K, 0% used [0x00000000d5580000,0x00000000d5580000,0x00000000d5800000)
  from space 2048K, 93% used [0x00000000d5a00000,0x00000000d5be0000,0x00000000d5c00000)
  to   space 2048K, 0% used [0x00000000d5800000,0x00000000d5800000,0x00000000d5a00000)
 ParOldGen       total 336896K, used 336829K [0x0000000080000000, 0x0000000094900000, 0x00000000d5580000)
  object space 336896K, 99% used [0x0000000080000000,0x00000000948ef4c0,0x0000000094900000)
 Metaspace       used 70795K, committed 72256K, reserved 1114112K
  class space    used 7372K, committed 8000K, reserved 1048576K
}
Event: 642.491 GC heap before
{Heap before GC invocations=588 (full 3):
 PSYoungGen      total 4608K, used 4480K [0x00000000d5580000, 0x00000000d5c00000, 0x0000000100000000)
  eden space 2560K, 100% used [0x00000000d5580000,0x00000000d5800000,0x00000000d5800000)
  from space 2048K, 93% used [0x00000000d5a00000,0x00000000d5be0000,0x00000000d5c00000)
  to   space 2048K, 0% used [0x00000000d5800000,0x00000000d5800000,0x00000000d5a00000)
 ParOldGen       total 336896K, used 336829K [0x0000000080000000, 0x0000000094900000, 0x00000000d5580000)
  object space 336896K, 99% used [0x0000000080000000,0x00000000948ef4c0,0x0000000094900000)
 Metaspace       used 70797K, committed 72256K, reserved 1114112K
  class space    used 7372K, committed 8000K, reserved 1048576K
}
Event: 642.493 GC heap after
{Heap after GC invocations=588 (full 3):
 PSYoungGen      total 4608K, used 544K [0x00000000d5580000, 0x00000000d5b80000, 0x0000000100000000)
  eden space 2560K, 0% used [0x00000000d5580000,0x00000000d5580000,0x00000000d5800000)
  from space 2048K, 26% used [0x00000000d5800000,0x00000000d5888000,0x00000000d5a00000)
  to   space 1536K, 0% used [0x00000000d5a00000,0x00000000d5a00000,0x00000000d5b80000)
 ParOldGen       total 339968K, used 339565K [0x0000000080000000, 0x0000000094c00000, 0x00000000d5580000)
  object space 339968K, 99% used [0x0000000080000000,0x0000000094b9b4c0,0x0000000094c00000)
 Metaspace       used 70797K, committed 72256K, reserved 1114112K
  class space    used 7372K, committed 8000K, reserved 1048576K
}
Event: 642.504 GC heap before
{Heap before GC invocations=589 (full 3):
 PSYoungGen      total 4608K, used 3104K [0x00000000d5580000, 0x00000000d5b80000, 0x0000000100000000)
  eden space 2560K, 100% used [0x00000000d5580000,0x00000000d5800000,0x00000000d5800000)
  from space 2048K, 26% used [0x00000000d5800000,0x00000000d5888000,0x00000000d5a00000)
  to   space 1536K, 0% used [0x00000000d5a00000,0x00000000d5a00000,0x00000000d5b80000)
 ParOldGen       total 339968K, used 339565K [0x0000000080000000, 0x0000000094c00000, 0x00000000d5580000)
  object space 339968K, 99% used [0x0000000080000000,0x0000000094b9b4c0,0x0000000094c00000)
 Metaspace       used 70797K, committed 72256K, reserved 1114112K
  class space    used 7372K, committed 8000K, reserved 1048576K
}
Event: 642.506 GC heap after
{Heap after GC invocations=589 (full 3):
 PSYoungGen      total 3584K, used 1530K [0x00000000d5580000, 0x00000000d5d00000, 0x0000000100000000)
  eden space 2048K, 0% used [0x00000000d5580000,0x00000000d5580000,0x00000000d5780000)
  from space 1536K, 99% used [0x00000000d5a00000,0x00000000d5b7e840,0x00000000d5b80000)
  to   space 2560K, 0% used [0x00000000d5780000,0x00000000d5780000,0x00000000d5a00000)
 ParOldGen       total 340480K, used 340029K [0x0000000080000000, 0x0000000094c80000, 0x00000000d5580000)
  object space 340480K, 99% used [0x0000000080000000,0x0000000094c0f4c0,0x0000000094c80000)
 Metaspace       used 70797K, committed 72256K, reserved 1114112K
  class space    used 7372K, committed 8000K, reserved 1048576K
}
Event: 642.511 GC heap before
{Heap before GC invocations=590 (full 3):
 PSYoungGen      total 3584K, used 3578K [0x00000000d5580000, 0x00000000d5d00000, 0x0000000100000000)
  eden space 2048K, 100% used [0x00000000d5580000,0x00000000d5780000,0x00000000d5780000)
  from space 1536K, 99% used [0x00000000d5a00000,0x00000000d5b7e840,0x00000000d5b80000)
  to   space 2560K, 0% used [0x00000000d5780000,0x00000000d5780000,0x00000000d5a00000)
 ParOldGen       total 340480K, used 340029K [0x0000000080000000, 0x0000000094c80000, 0x00000000d5580000)
  object space 340480K, 99% used [0x0000000080000000,0x0000000094c0f4c0,0x0000000094c80000)
 Metaspace       used 70797K, committed 72256K, reserved 1114112K
  class space    used 7372K, committed 8000K, reserved 1048576K
}
Event: 642.514 GC heap after
{Heap after GC invocations=590 (full 3):
 PSYoungGen      total 4608K, used 2112K [0x00000000d5580000, 0x00000000d5d00000, 0x0000000100000000)
  eden space 2048K, 0% used [0x00000000d5580000,0x00000000d5580000,0x00000000d5780000)
  from space 2560K, 82% used [0x00000000d5780000,0x00000000d5990000,0x00000000d5a00000)
  to   space 2560K, 0% used [0x00000000d5a80000,0x00000000d5a80000,0x00000000d5d00000)
 ParOldGen       total 342016K, used 341599K [0x0000000080000000, 0x0000000094e00000, 0x00000000d5580000)
  object space 342016K, 99% used [0x0000000080000000,0x0000000094d97d00,0x0000000094e00000)
 Metaspace       used 70797K, committed 72256K, reserved 1114112K
  class space    used 7372K, committed 8000K, reserved 1048576K
}
Event: 642.518 GC heap before
{Heap before GC invocations=591 (full 3):
 PSYoungGen      total 4608K, used 4107K [0x00000000d5580000, 0x00000000d5d00000, 0x0000000100000000)
  eden space 2048K, 97% used [0x00000000d5580000,0x00000000d5772dc0,0x00000000d5780000)
  from space 2560K, 82% used [0x00000000d5780000,0x00000000d5990000,0x00000000d5a00000)
  to   space 2560K, 0% used [0x00000000d5a80000,0x00000000d5a80000,0x00000000d5d00000)
 ParOldGen       total 342016K, used 341599K [0x0000000080000000, 0x0000000094e00000, 0x00000000d5580000)
  object space 342016K, 99% used [0x0000000080000000,0x0000000094d97d00,0x0000000094e00000)
 Metaspace       used 70797K, committed 72256K, reserved 1114112K
  class space    used 7372K, committed 8000K, reserved 1048576K
}
Event: 642.521 GC heap after
{Heap after GC invocations=591 (full 3):
 PSYoungGen      total 4608K, used 1992K [0x00000000d5580000, 0x00000000d5c80000, 0x0000000100000000)
  eden space 2560K, 0% used [0x00000000d5580000,0x00000000d5580000,0x00000000d5800000)
  from space 2048K, 97% used [0x00000000d5a80000,0x00000000d5c72000,0x00000000d5c80000)
  to   space 2048K, 0% used [0x00000000d5880000,0x00000000d5880000,0x00000000d5a80000)
 ParOldGen       total 344064K, used 343647K [0x0000000080000000, 0x0000000095000000, 0x00000000d5580000)
  object space 344064K, 99% used [0x0000000080000000,0x0000000094f97d00,0x0000000095000000)
 Metaspace       used 70797K, committed 72256K, reserved 1114112K
  class space    used 7372K, committed 8000K, reserved 1048576K
}
Event: 804.760 GC heap before
{Heap before GC invocations=592 (full 3):
 PSYoungGen      total 4608K, used 4552K [0x00000000d5580000, 0x00000000d5c80000, 0x0000000100000000)
  eden space 2560K, 100% used [0x00000000d5580000,0x00000000d5800000,0x00000000d5800000)
  from space 2048K, 97% used [0x00000000d5a80000,0x00000000d5c72000,0x00000000d5c80000)
  to   space 2048K, 0% used [0x00000000d5880000,0x00000000d5880000,0x00000000d5a80000)
 ParOldGen       total 344064K, used 343647K [0x0000000080000000, 0x0000000095000000, 0x00000000d5580000)
  object space 344064K, 99% used [0x0000000080000000,0x0000000094f97d00,0x0000000095000000)
 Metaspace       used 70814K, committed 72256K, reserved 1114112K
  class space    used 7372K, committed 8000K, reserved 1048576K
}
Event: 804.772 GC heap after
{Heap after GC invocations=592 (full 3):
 PSYoungGen      total 4096K, used 1536K [0x00000000d5580000, 0x00000000d5c00000, 0x0000000100000000)
  eden space 2560K, 0% used [0x00000000d5580000,0x00000000d5580000,0x00000000d5800000)
  from space 1536K, 100% used [0x00000000d5880000,0x00000000d5a00000,0x00000000d5a00000)
  to   space 2048K, 0% used [0x00000000d5a00000,0x00000000d5a00000,0x00000000d5c00000)
 ParOldGen       total 345600K, used 345383K [0x0000000080000000, 0x0000000095180000, 0x00000000d5580000)
  object space 345600K, 99% used [0x0000000080000000,0x0000000095149d00,0x0000000095180000)
 Metaspace       used 70814K, committed 72256K, reserved 1114112K
  class space    used 7372K, committed 8000K, reserved 1048576K
}
Event: 851.760 GC heap before
{Heap before GC invocations=593 (full 3):
 PSYoungGen      total 4096K, used 4096K [0x00000000d5580000, 0x00000000d5c00000, 0x0000000100000000)
  eden space 2560K, 100% used [0x00000000d5580000,0x00000000d5800000,0x00000000d5800000)
  from space 1536K, 100% used [0x00000000d5880000,0x00000000d5a00000,0x00000000d5a00000)
  to   space 2048K, 0% used [0x00000000d5a00000,0x00000000d5a00000,0x00000000d5c00000)
 ParOldGen       total 345600K, used 345383K [0x0000000080000000, 0x0000000095180000, 0x00000000d5580000)
  object space 345600K, 99% used [0x0000000080000000,0x0000000095149d00,0x0000000095180000)
 Metaspace       used 70831K, committed 72320K, reserved 1114112K
  class space    used 7372K, committed 8000K, reserved 1048576K
}
Event: 851.762 GC heap after
{Heap after GC invocations=593 (full 3):
 PSYoungGen      total 3072K, used 160K [0x00000000d5580000, 0x00000000d5a80000, 0x0000000100000000)
  eden space 2560K, 0% used [0x00000000d5580000,0x00000000d5580000,0x00000000d5800000)
  from space 512K, 31% used [0x00000000d5a00000,0x00000000d5a28000,0x00000000d5a80000)
  to   space 1024K, 0% used [0x00000000d5880000,0x00000000d5880000,0x00000000d5980000)
 ParOldGen       total 347136K, used 346799K [0x0000000080000000, 0x0000000095300000, 0x00000000d5580000)
  object space 347136K, 99% used [0x0000000080000000,0x00000000952abd00,0x0000000095300000)
 Metaspace       used 70831K, committed 72320K, reserved 1114112K
  class space    used 7372K, committed 8000K, reserved 1048576K
}

